<?xml version="1.0" encoding="UTF-8"?>
<!-- Generated by org.testng.reporters.JUnitReportReporter -->
<testsuite skipped="0" hostname="LAPTOP-JTAR9QI2" name="newUI.Employer.CreateJob" tests="1" failures="0" timestamp="2022-09-22T13:59:30 IST" time="790.810" errors="0">
  <testcase name="login" time="790.810" classname="newUI.Employer.CreateJob"/>
  <system-out/>
</testsuite> <!-- newUI.Employer.CreateJob -->
