<?xml version="1.0" encoding="UTF-8"?>
<!-- Generated by org.testng.reporters.JUnitReportReporter -->
<testsuite skipped="0" hostname="LAPTOP-JTAR9QI2" name="quickstart.Tests.FakerApi" tests="1" failures="0" timestamp="2022-06-20T10:19:11 IST" time="5.507" errors="0">
  <testcase name="login" time="5.507" classname="quickstart.Tests.FakerApi"/>
  <system-out/>
</testsuite> <!-- quickstart.Tests.FakerApi -->
