<?xml version="1.0" encoding="UTF-8"?>
<!-- Generated by org.testng.reporters.JUnitReportReporter -->
<testsuite skipped="0" hostname="LAPTOP-JTAR9QI2" name="quickstart.Tests.DemoTest" tests="4" failures="0" timestamp="2022-05-27T21:25:36 IST" time="13.046" errors="0">
  <testcase name="GoogleSearch_automationScript" time="4.831" classname="quickstart.Tests.DemoTest"/>
  <system-out/>
  <testcase name="GoogleSearch_Twitter" time="2.499" classname="quickstart.Tests.DemoTest"/>
  <system-out/>
  <testcase name="GoogleSearch_Facebook" time="2.852" classname="quickstart.Tests.DemoTest"/>
  <system-out/>
  <testcase name="GoogleSearch_LinkedIn" time="2.864" classname="quickstart.Tests.DemoTest"/>
  <system-out/>
</testsuite> <!-- quickstart.Tests.DemoTest -->
