<?xml version="1.0" encoding="UTF-8"?>
<!-- Generated by org.testng.reporters.JUnitReportReporter -->
<testsuite skipped="0" hostname="LAPTOP-JTAR9QI2" name="quickstart.jobSeeker.PreRegistration" tests="1" failures="0" timestamp="2022-10-05T19:43:57 IST" time="1292.709" errors="0">
  <testcase name="login" time="1292.709" classname="quickstart.jobSeeker.PreRegistration"/>
  <system-out/>
</testsuite> <!-- quickstart.jobSeeker.PreRegistration -->
