<?xml version="1.0" encoding="UTF-8"?>
<!-- Generated by org.testng.reporters.JUnitReportReporter -->
<testsuite skipped="0" hostname="LAPTOP-JTAR9QI2" name="quickstart.employer.CreateJob" tests="1" failures="0" timestamp="2022-09-18T15:49:00 IST" time="149.248" errors="0">
  <testcase name="login" time="149.248" classname="quickstart.employer.CreateJob"/>
  <system-out/>
</testsuite> <!-- quickstart.employer.CreateJob -->
