<?xml version="1.0" encoding="UTF-8"?>
<!-- Generated by org.testng.reporters.JUnitReportReporter -->
<testsuite skipped="0" hostname="LAPTOP-JTAR9QI2" name="quickstart.Tests.Sample" tests="1" failures="0" timestamp="2022-08-22T16:14:11 IST" time="2.429" errors="0">
  <testcase name="login" time="2.429" classname="quickstart.Tests.Sample"/>
  <system-out/>
</testsuite> <!-- quickstart.Tests.Sample -->
