<?xml version="1.0" encoding="UTF-8"?>
<!-- Generated by org.testng.reporters.JUnitReportReporter -->
<testsuite skipped="0" hostname="LAPTOP-JTAR9QI2" name="quickstart.tranier.CreateCourse" tests="1" failures="0" timestamp="2022-09-22T11:10:01 IST" time="500.441" errors="0">
  <testcase name="login" time="500.441" classname="quickstart.tranier.CreateCourse"/>
  <system-out/>
</testsuite> <!-- quickstart.tranier.CreateCourse -->
