<?xml version="1.0" encoding="UTF-8"?>
<!-- Generated by org.testng.reporters.JUnitReportReporter -->
<testsuite skipped="0" hostname="LAPTOP-JTAR9QI2" name="tranierNew.PreRegistrationTrainer" tests="1" failures="0" timestamp="2022-09-13T14:05:14 IST" time="747.118" errors="0">
  <testcase name="login" time="747.118" classname="tranierNew.PreRegistrationTrainer"/>
  <system-out/>
</testsuite> <!-- tranierNew.PreRegistrationTrainer -->
