<?xml version="1.0" encoding="UTF-8"?>
<!-- Generated by org.testng.reporters.JUnitReportReporter -->
<testsuite skipped="0" hostname="LAPTOP-JTAR9QI2" name="quickstart.platformUser.PlatformUserLogin" tests="1" failures="0" timestamp="2022-06-01T11:31:15 IST" time="75.030" errors="0">
  <testcase name="login" time="75.030" classname="quickstart.platformUser.PlatformUserLogin"/>
  <system-out/>
</testsuite> <!-- quickstart.platformUser.PlatformUserLogin -->
