<?xml version="1.0" encoding="UTF-8"?>
<!-- Generated by org.testng.reporters.JUnitReportReporter -->
<testsuite skipped="0" hostname="LAPTOP-JTAR9QI2" name="quickstart.Tests.DemoTest" tests="4" failures="0" timestamp="2022-06-01T15:32:18 IST" time="12.829" errors="0">
  <testcase name="GoogleSearch_automationScript" time="2.438" classname="quickstart.Tests.DemoTest"/>
  <system-out/>
  <testcase name="GoogleSearch_Facebook" time="3.517" classname="quickstart.Tests.DemoTest"/>
  <system-out/>
  <testcase name="GoogleSearch_Twitter" time="2.659" classname="quickstart.Tests.DemoTest"/>
  <system-out/>
  <testcase name="GoogleSearch_LinkedIn" time="4.215" classname="quickstart.Tests.DemoTest"/>
  <system-out/>
</testsuite> <!-- quickstart.Tests.DemoTest -->
